Sort word by specific letter occurrence: i
0=[A, And, Anyway, As, Badgers, Betty, But, CHAPTER, Do, Don't, Ed, Edmund, Everyone, Faun, Foxes, From, Go, Goodness, Hadn't, He, LOOKS, LUCY, London, Lucy, Macready, Margaret, Mother, Mrs, Next, No, Not, ONE, Of, Oh, Once, One, Peter, Professor, She, Soon, Susan, Ten, That, The, Then, There, There'll, There's, They, To, WARDROBE, We've, What, What's, Why, You, a, about, adventures, after, agreed, ahead, all, almost, along, also, always, among, amount, an, and, another, any, anyway, apart, are, arm, armour, arms, as, at, away, back, bad-tempered, balcony, be, beard, because, bed, bedrooms, been, before, began, better, between, black, blue-bottle, books, books-most, boys, branches, breakfast, brown-paper, bump, but, called, came, can, catch, caught, chap, church, clear, coats, cold, come, corner, could, country, course, creepy, crunch-crunch, curly, dark, dead, dear, do, door, doors, doorway, down, dropped, each, eagles, else, empty, end, enormous, even, ever, everyone, except, expected, explore, extremely, face, fallen, far, feel, feet, felt, few, floor, folds, for, forehead, forward, found, four, from, front, full, fur, further, garden, gave, get, glossy, go, goat's, goes, gone, good, got, green, grew, had, hall, hand, hands, happened, hard, harp, has, have, hawks, he, he's, head, hear, heard, heart, held, her, here, herself, hoofs, horns, hour, house, housekeeper, how, hung, just, keep, kept, knew, lamp-post, large, larger, later, laugh, led, left, legs, let, let's, locked, long, longer, looked, lots, low, made, make, man, me, meet, moment, more, most, moth-balls, mothballs, much, muffler, must, names, nearest, neatly, neck, never, next, no, nor, nose, not, now, of, off, old, on, once, one, one's, oneself, only, open, opened, or, other, ought, our, out, over, owl, parcels, passages, patter, perfectly, person, place, places, pleasant, post, powdery, pretty, queer, rather, reached, red, room, rooms, rough, round, row, rows, rubbed, saw, say, second, see, seem, seemed, sent, servants, set, several, shaggy, shall, shaped, she, short, shortly, shoulder, shut, smell, smooth, snow, snowflakes, so, soft, some, soon, sort, spare, stags, start, stayed, steady, step, stepped, steps, stood, stop, story, strange, stream, stretched, stuck, such, suddenly, sure, talk, talked, taller, tell, ten, than, that, the, them, them-a, then, there, they, those, though, thought, three, through, to, tomorrow, too, took, towards, tree, trees, trooped, trunks, two, umbrella, under, unexpected, up, up-mostly, upwards, us, very, walk, wanted, war, wardrobe, was, way, we, we're, well, went, were, what, when, where, who, whole, whose, why, won't, wonder, wonderful, wood, woods, woodwork, woollen, worth, would, wrong, you, youngest, yourself]
1=[Bible, Christmas, Did, I, I'm, INTO, In, It, It's, Ivy, Like, Looking, Nothing, Rabbits, Something, Their, This, Trying, afraid, again-all, against, air, anything, aside, behind, big, bigger, bird, birds, blowing, carried, children, coming, crunching, daylight, did, doing, during, easily, evening, excited, exclaimed, expecting, falling, feeling, find, fingers, first, five, foolish, frightened, girls', glimpse, going, gracious, grumbling, hair, hanging, hide, him, himself, his, if, in, in-then, inches, instead, into, is, it, it'll, it's, kind, leading, leaving, light, like, liked, lined, little, lived, looking, looking-glass, meantime, middle, might, miles, mind, minutes, minutes', mistake, morning, mountains, neither, night, noise, nothing, notice, noticed, odd-looking, office, pictures, pitter, pointed, pretending, prickly, pushing, quite, railway, rain, reddish, rubbing, said, series, shopping, side, silly, simply, skin, something, splendid, stairs, standing, station, still, stooping, suit, surprise, tail, talking, their, thick, thing, think, this, time, tips, tired, tried, trying, upstairs, waist, which, while, white, wife, will, window, windows, wireless, with, wondering]
2=[air-raids, beginning, dining-room, direction, finished, immediately, inside, night-time, raining, trailing, window-sill]
4=[inquisitive]

Find unique words in first sentence against whole text:
ONE
CHAPTER

Words sorted by percent of vowels:
a=[A, And, Anyway, As, a, about, adventures, afraid, after, again-all, against, agreed, ahead, air, air-raids, all, almost, along, also, always, among, amount, an, and, another, any, anything, anyway, apart, are, arm, armour, arms, as, aside, at, away]
b=[Badgers, Betty, Bible, But, back, bad-tempered, balcony, be, beard, because, bed, bedrooms, been, before, began, beginning, behind, better, between, big, bigger, bird, birds, black, blowing, blue-bottle, books, books-most, boys, branches, breakfast, brown-paper, bump, but]
c=[CHAPTER, Christmas, called, came, can, carried, catch, caught, chap, children, church, clear, coats, cold, come, coming, corner, could, country, course, creepy, crunch-crunch, crunching, curly]
d=[Did, Do, Don't, dark, daylight, dead, dear, did, dining-room, direction, do, doing, door, doors, doorway, down, dropped, during]
e=[Ed, Edmund, Everyone, each, eagles, easily, else, empty, end, enormous, even, evening, ever, everyone, except, excited, exclaimed, expected, expecting, explore, extremely]
f=[Faun, Foxes, From, face, fallen, falling, far, feel, feeling, feet, felt, few, find, fingers, finished, first, five, floor, folds, foolish, for, forehead, forward, found, four, frightened, from, front, full, fur, further]
g=[Go, Goodness, garden, gave, get, girls', glimpse, glossy, go, goat's, goes, going, gone, good, got, gracious, green, grew, grumbling]
h=[Hadn't, He, had, hair, hall, hand, hands, hanging, happened, hard, harp, has, have, hawks, he, he's, head, hear, heard, heart, held, her, here, herself, hide, him, himself, his, hoofs, horns, hour, house, housekeeper, how, hung]
i=[I, I'm, INTO, In, It, It's, Ivy, if, immediately, in, in-then, inches, inquisitive, inside, instead, into, is, it, it'll, it's]
j=[just]
k=[keep, kept, kind, knew]
l=[LOOKS, LUCY, Like, London, Looking, Lucy, lamp-post, large, larger, later, laugh, leading, leaving, led, left, legs, let, let's, light, like, liked, lined, little, lived, locked, long, longer, looked, looking, looking-glass, lots, low]
m=[Macready, Margaret, Mother, Mrs, made, make, man, me, meantime, meet, middle, might, miles, mind, minutes, minutes', mistake, moment, more, morning, most, moth-balls, mothballs, mountains, much, muffler, must]
n=[Next, No, Not, Nothing, names, nearest, neatly, neck, neither, never, next, night, night-time, no, noise, nor, nose, not, nothing, notice, noticed, now]
o=[ONE, Of, Oh, Once, One, odd-looking, of, off, office, old, on, once, one, one's, oneself, only, open, opened, or, other, ought, our, out, over, owl]
p=[Peter, Professor, parcels, passages, patter, perfectly, person, pictures, pitter, place, places, pleasant, pointed, post, powdery, pretending, pretty, prickly, pushing]
q=[queer, quite]
r=[Rabbits, railway, rain, raining, rather, reached, red, reddish, room, rooms, rough, round, row, rows, rubbed, rubbing]
s=[She, Something, Soon, Susan, said, saw, say, second, see, seem, seemed, sent, series, servants, set, several, shaggy, shall, shaped, she, shopping, short, shortly, shoulder, shut, side, silly, simply, skin, smell, smooth, snow, snowflakes, so, soft, some, something, soon, sort, spare, splendid, stags, stairs, standing, start, station, stayed, steady, step, stepped, steps, still, stood, stooping, stop, story, strange, stream, stretched, stuck, such, suddenly, suit, sure, surprise]
t=[Ten, That, The, Their, Then, There, There'll, There's, They, This, To, Trying, tail, talk, talked, talking, taller, tell, ten, than, that, the, their, them, them-a, then, there, they, thick, thing, think, this, those, though, thought, three, through, time, tips, tired, to, tomorrow, too, took, towards, trailing, tree, trees, tried, trooped, trunks, trying, two]
u=[umbrella, under, unexpected, up, up-mostly, upstairs, upwards, us]
v=[very]
w=[WARDROBE, We've, What, What's, Why, waist, walk, wanted, war, wardrobe, was, way, we, we're, well, went, were, what, when, where, which, while, white, who, whole, whose, why, wife, will, window, window-sill, windows, wireless, with, won't, wonder, wonderful, wondering, wood, woods, woodwork, woollen, worth, would, wrong]
y=[You, you, youngest, yourself]

Words groups in alphabetical order:
a=[A, And, Anyway, As, a, about, adventures, afraid, after, again-all, against, agreed, ahead, air, air-raids, all, almost, along, also, always, among, amount, an, and, another, any, anything, anyway, apart, are, arm, armour, arms, as, aside, at, away]
b=[Badgers, Betty, Bible, But, back, bad-tempered, balcony, be, beard, because, bed, bedrooms, been, before, began, beginning, behind, better, between, big, bigger, bird, birds, black, blowing, blue-bottle, books, books-most, boys, branches, breakfast, brown-paper, bump, but]
c=[CHAPTER, Christmas, called, came, can, carried, catch, caught, chap, children, church, clear, coats, cold, come, coming, corner, could, country, course, creepy, crunch-crunch, crunching, curly]
d=[Did, Do, Don't, dark, daylight, dead, dear, did, dining-room, direction, do, doing, door, doors, doorway, down, dropped, during]
e=[Ed, Edmund, Everyone, each, eagles, easily, else, empty, end, enormous, even, evening, ever, everyone, except, excited, exclaimed, expected, expecting, explore, extremely]
f=[Faun, Foxes, From, face, fallen, falling, far, feel, feeling, feet, felt, few, find, fingers, finished, first, five, floor, folds, foolish, for, forehead, forward, found, four, frightened, from, front, full, fur, further]
g=[Go, Goodness, garden, gave, get, girls', glimpse, glossy, go, goat's, goes, going, gone, good, got, gracious, green, grew, grumbling]
h=[Hadn't, He, had, hair, hall, hand, hands, hanging, happened, hard, harp, has, have, hawks, he, he's, head, hear, heard, heart, held, her, here, herself, hide, him, himself, his, hoofs, horns, hour, house, housekeeper, how, hung]
i=[I, I'm, INTO, In, It, It's, Ivy, if, immediately, in, in-then, inches, inquisitive, inside, instead, into, is, it, it'll, it's]
j=[just]
k=[keep, kept, kind, knew]
l=[LOOKS, LUCY, Like, London, Looking, Lucy, lamp-post, large, larger, later, laugh, leading, leaving, led, left, legs, let, let's, light, like, liked, lined, little, lived, locked, long, longer, looked, looking, looking-glass, lots, low]
m=[Macready, Margaret, Mother, Mrs, made, make, man, me, meantime, meet, middle, might, miles, mind, minutes, minutes', mistake, moment, more, morning, most, moth-balls, mothballs, mountains, much, muffler, must]
n=[Next, No, Not, Nothing, names, nearest, neatly, neck, neither, never, next, night, night-time, no, noise, nor, nose, not, nothing, notice, noticed, now]
o=[ONE, Of, Oh, Once, One, odd-looking, of, off, office, old, on, once, one, one's, oneself, only, open, opened, or, other, ought, our, out, over, owl]
p=[Peter, Professor, parcels, passages, patter, perfectly, person, pictures, pitter, place, places, pleasant, pointed, post, powdery, pretending, pretty, prickly, pushing]
q=[queer, quite]
r=[Rabbits, railway, rain, raining, rather, reached, red, reddish, room, rooms, rough, round, row, rows, rubbed, rubbing]
s=[She, Something, Soon, Susan, said, saw, say, second, see, seem, seemed, sent, series, servants, set, several, shaggy, shall, shaped, she, shopping, short, shortly, shoulder, shut, side, silly, simply, skin, smell, smooth, snow, snowflakes, so, soft, some, something, soon, sort, spare, splendid, stags, stairs, standing, start, station, stayed, steady, step, stepped, steps, still, stood, stooping, stop, story, strange, stream, stretched, stuck, such, suddenly, suit, sure, surprise]
t=[Ten, That, The, Their, Then, There, There'll, There's, They, This, To, Trying, tail, talk, talked, talking, taller, tell, ten, than, that, the, their, them, them-a, then, there, they, thick, thing, think, this, those, though, thought, three, through, time, tips, tired, to, tomorrow, too, took, towards, trailing, tree, trees, tried, trooped, trunks, trying, two]
u=[umbrella, under, unexpected, up, up-mostly, upstairs, upwards, us]
v=[very]
w=[WARDROBE, We've, What, What's, Why, waist, walk, wanted, war, wardrobe, was, way, we, we're, well, went, were, what, when, where, which, while, white, who, whole, whose, why, wife, will, window, window-sill, windows, wireless, with, won't, wonder, wonderful, wondering, wood, woods, woodwork, woollen, worth, would, wrong]
y=[You, you, youngest, yourself]

